<?xml version="1.0" encoding="UTF-8"?>
<testsuite name="TestGame" tests="1" skipped="0" failures="0" errors="0" timestamp="2015-08-28T23:08:08" hostname="LAdigarcia" time="0.003">
  <properties/>
  <testcase name="testPinsWereNotHittedInAllFrames" classname="TestGame" time="0.003"/>
  <system-out><![CDATA[]]></system-out>
  <system-err><![CDATA[]]></system-err>
</testsuite>
